<?xml version="1.0" encoding="UTF-8"?>
<!-- Generated by org.testng.reporters.JUnitXMLReporter -->
<testsuite hostname="Rohit-PC" name="Test" tests="1" failures="1" timestamp="9 Feb 2019 20:38:33 GMT" time="0.096" errors="0">
  <testcase name="Testcase1" time="0.077" classname="com.learnAutomation.testcases.LoginTestCRM">
    <failure type="java.lang.NullPointerException">
      <![CDATA[java.lang.NullPointerException
	at org.openqa.selenium.support.pagefactory.DefaultElementLocator.findElement(DefaultElementLocator.java:69)
	at org.openqa.selenium.support.pagefactory.internal.LocatingElementHandler.invoke(LocatingElementHandler.java:38)
	at com.sun.proxy.$Proxy7.sendKeys(Unknown Source)
	at com.learnAutomation.webpages.LoginPage.loginToCRM(LoginPage.java:28)
	at com.learnAutomation.testcases.LoginTestCRM.Testcase1(LoginTestCRM.java:20)
... Removed 24 stack frames]]>
    </failure>
  </testcase> <!-- Testcase1 -->
</testsuite> <!-- Test -->
